<?xml version="1.0" encoding="UTF-8"?>
<testsuite xmlns:xsi="http://www.w3.org/2001/XMLSchema-instance" xsi:noNamespaceSchemaLocation="https://maven.apache.org/surefire/maven-surefire-plugin/xsd/surefire-test-report-3.0.xsd" version="3.0" name="model.SudokuBoardTest" time="0.243" tests="59" errors="0" skipped="0" failures="0">
  <properties>
    <property name="java.specification.version" value="21"/>
    <property name="sun.cpu.isalist" value="amd64"/>
    <property name="sun.jnu.encoding" value="Cp1250"/>
    <property name="java.class.path" value="c:\Users\Wojtek\Documents\Studia\Component Programming\laby\labs3\e3_v1\target\test-classes;c:\Users\Wojtek\Documents\Studia\Component Programming\laby\labs3\e3_v1\target\classes;C:\Users\Wojtek\.m2\repository\org\junit\jupiter\junit-jupiter-params\5.10.2\junit-jupiter-params-5.10.2.jar;C:\Users\Wojtek\.m2\repository\org\junit\jupiter\junit-jupiter-api\5.10.2\junit-jupiter-api-5.10.2.jar;C:\Users\Wojtek\.m2\repository\org\opentest4j\opentest4j\1.3.0\opentest4j-1.3.0.jar;C:\Users\Wojtek\.m2\repository\org\junit\platform\junit-platform-commons\1.10.2\junit-platform-commons-1.10.2.jar;C:\Users\Wojtek\.m2\repository\org\apiguardian\apiguardian-api\1.1.2\apiguardian-api-1.1.2.jar;C:\Users\Wojtek\.m2\repository\org\junit\jupiter\junit-jupiter-engine\5.10.2\junit-jupiter-engine-5.10.2.jar;C:\Users\Wojtek\.m2\repository\org\junit\platform\junit-platform-engine\1.10.2\junit-platform-engine-1.10.2.jar;C:\Users\Wojtek\.m2\repository\com\puppycrawl\tools\checkstyle\10.8.0\checkstyle-10.8.0.jar;C:\Users\Wojtek\.m2\repository\info\picocli\picocli\4.7.1\picocli-4.7.1.jar;C:\Users\Wojtek\.m2\repository\org\antlr\antlr4-runtime\4.11.1\antlr4-runtime-4.11.1.jar;C:\Users\Wojtek\.m2\repository\commons-beanutils\commons-beanutils\1.9.4\commons-beanutils-1.9.4.jar;C:\Users\Wojtek\.m2\repository\commons-logging\commons-logging\1.2\commons-logging-1.2.jar;C:\Users\Wojtek\.m2\repository\commons-collections\commons-collections\3.2.2\commons-collections-3.2.2.jar;C:\Users\Wojtek\.m2\repository\com\google\guava\guava\31.1-jre\guava-31.1-jre.jar;C:\Users\Wojtek\.m2\repository\com\google\guava\failureaccess\1.0.1\failureaccess-1.0.1.jar;C:\Users\Wojtek\.m2\repository\com\google\guava\listenablefuture\9999.0-empty-to-avoid-conflict-with-guava\listenablefuture-9999.0-empty-to-avoid-conflict-with-guava.jar;C:\Users\Wojtek\.m2\repository\com\google\code\findbugs\jsr305\3.0.2\jsr305-3.0.2.jar;C:\Users\Wojtek\.m2\repository\com\google\errorprone\error_prone_annotations\2.11.0\error_prone_annotations-2.11.0.jar;C:\Users\Wojtek\.m2\repository\com\google\j2objc\j2objc-annotations\1.3\j2objc-annotations-1.3.jar;C:\Users\Wojtek\.m2\repository\org\reflections\reflections\0.10.2\reflections-0.10.2.jar;C:\Users\Wojtek\.m2\repository\org\javassist\javassist\3.28.0-GA\javassist-3.28.0-GA.jar;C:\Users\Wojtek\.m2\repository\org\slf4j\slf4j-api\1.7.32\slf4j-api-1.7.32.jar;C:\Users\Wojtek\.m2\repository\net\sf\saxon\Saxon-HE\12.0\Saxon-HE-12.0.jar;C:\Users\Wojtek\.m2\repository\org\xmlresolver\xmlresolver\4.6.0\xmlresolver-4.6.0.jar;C:\Users\Wojtek\.m2\repository\org\apache\httpcomponents\client5\httpclient5\5.1.3\httpclient5-5.1.3.jar;C:\Users\Wojtek\.m2\repository\org\apache\httpcomponents\core5\httpcore5-h2\5.1.3\httpcore5-h2-5.1.3.jar;C:\Users\Wojtek\.m2\repository\commons-codec\commons-codec\1.15\commons-codec-1.15.jar;C:\Users\Wojtek\.m2\repository\org\apache\httpcomponents\core5\httpcore5\5.1.3\httpcore5-5.1.3.jar;C:\Users\Wojtek\.m2\repository\org\xmlresolver\xmlresolver\4.6.0\xmlresolver-4.6.0-data.jar;C:\Users\Wojtek\.m2\repository\org\checkerframework\checker-qual\3.27.0\checker-qual-3.27.0.jar;"/>
    <property name="java.vm.vendor" value="Oracle Corporation"/>
    <property name="sun.arch.data.model" value="64"/>
    <property name="user.variant" value=""/>
    <property name="java.vendor.url" value="https://java.oracle.com/"/>
    <property name="user.timezone" value="Europe/Warsaw"/>
    <property name="os.name" value="Windows 11"/>
    <property name="java.vm.specification.version" value="21"/>
    <property name="sun.java.launcher" value="SUN_STANDARD"/>
    <property name="user.country" value="PL"/>
    <property name="sun.boot.library.path" value="C:\Program Files\Java\jdk-21\bin"/>
    <property name="sun.java.command" value="C:\Users\Wojtek\AppData\Local\Temp\surefire2588722151723951911\surefirebooter-20240319143800917_3.jar C:\Users\Wojtek\AppData\Local\Temp\surefire2588722151723951911 2024-03-19T14-38-00_800-jvmRun1 surefire-20240319143800917_1tmp surefire_0-20240319143800917_2tmp"/>
    <property name="jdk.debug" value="release"/>
    <property name="surefire.test.class.path" value="c:\Users\Wojtek\Documents\Studia\Component Programming\laby\labs3\e3_v1\target\test-classes;c:\Users\Wojtek\Documents\Studia\Component Programming\laby\labs3\e3_v1\target\classes;C:\Users\Wojtek\.m2\repository\org\junit\jupiter\junit-jupiter-params\5.10.2\junit-jupiter-params-5.10.2.jar;C:\Users\Wojtek\.m2\repository\org\junit\jupiter\junit-jupiter-api\5.10.2\junit-jupiter-api-5.10.2.jar;C:\Users\Wojtek\.m2\repository\org\opentest4j\opentest4j\1.3.0\opentest4j-1.3.0.jar;C:\Users\Wojtek\.m2\repository\org\junit\platform\junit-platform-commons\1.10.2\junit-platform-commons-1.10.2.jar;C:\Users\Wojtek\.m2\repository\org\apiguardian\apiguardian-api\1.1.2\apiguardian-api-1.1.2.jar;C:\Users\Wojtek\.m2\repository\org\junit\jupiter\junit-jupiter-engine\5.10.2\junit-jupiter-engine-5.10.2.jar;C:\Users\Wojtek\.m2\repository\org\junit\platform\junit-platform-engine\1.10.2\junit-platform-engine-1.10.2.jar;C:\Users\Wojtek\.m2\repository\com\puppycrawl\tools\checkstyle\10.8.0\checkstyle-10.8.0.jar;C:\Users\Wojtek\.m2\repository\info\picocli\picocli\4.7.1\picocli-4.7.1.jar;C:\Users\Wojtek\.m2\repository\org\antlr\antlr4-runtime\4.11.1\antlr4-runtime-4.11.1.jar;C:\Users\Wojtek\.m2\repository\commons-beanutils\commons-beanutils\1.9.4\commons-beanutils-1.9.4.jar;C:\Users\Wojtek\.m2\repository\commons-logging\commons-logging\1.2\commons-logging-1.2.jar;C:\Users\Wojtek\.m2\repository\commons-collections\commons-collections\3.2.2\commons-collections-3.2.2.jar;C:\Users\Wojtek\.m2\repository\com\google\guava\guava\31.1-jre\guava-31.1-jre.jar;C:\Users\Wojtek\.m2\repository\com\google\guava\failureaccess\1.0.1\failureaccess-1.0.1.jar;C:\Users\Wojtek\.m2\repository\com\google\guava\listenablefuture\9999.0-empty-to-avoid-conflict-with-guava\listenablefuture-9999.0-empty-to-avoid-conflict-with-guava.jar;C:\Users\Wojtek\.m2\repository\com\google\code\findbugs\jsr305\3.0.2\jsr305-3.0.2.jar;C:\Users\Wojtek\.m2\repository\com\google\errorprone\error_prone_annotations\2.11.0\error_prone_annotations-2.11.0.jar;C:\Users\Wojtek\.m2\repository\com\google\j2objc\j2objc-annotations\1.3\j2objc-annotations-1.3.jar;C:\Users\Wojtek\.m2\repository\org\reflections\reflections\0.10.2\reflections-0.10.2.jar;C:\Users\Wojtek\.m2\repository\org\javassist\javassist\3.28.0-GA\javassist-3.28.0-GA.jar;C:\Users\Wojtek\.m2\repository\org\slf4j\slf4j-api\1.7.32\slf4j-api-1.7.32.jar;C:\Users\Wojtek\.m2\repository\net\sf\saxon\Saxon-HE\12.0\Saxon-HE-12.0.jar;C:\Users\Wojtek\.m2\repository\org\xmlresolver\xmlresolver\4.6.0\xmlresolver-4.6.0.jar;C:\Users\Wojtek\.m2\repository\org\apache\httpcomponents\client5\httpclient5\5.1.3\httpclient5-5.1.3.jar;C:\Users\Wojtek\.m2\repository\org\apache\httpcomponents\core5\httpcore5-h2\5.1.3\httpcore5-h2-5.1.3.jar;C:\Users\Wojtek\.m2\repository\commons-codec\commons-codec\1.15\commons-codec-1.15.jar;C:\Users\Wojtek\.m2\repository\org\apache\httpcomponents\core5\httpcore5\5.1.3\httpcore5-5.1.3.jar;C:\Users\Wojtek\.m2\repository\org\xmlresolver\xmlresolver\4.6.0\xmlresolver-4.6.0-data.jar;C:\Users\Wojtek\.m2\repository\org\checkerframework\checker-qual\3.27.0\checker-qual-3.27.0.jar;"/>
    <property name="sun.cpu.endian" value="little"/>
    <property name="user.home" value="C:\Users\Wojtek"/>
    <property name="user.language" value="pl"/>
    <property name="java.specification.vendor" value="Oracle Corporation"/>
    <property name="java.version.date" value="2024-01-16"/>
    <property name="java.home" value="C:\Program Files\Java\jdk-21"/>
    <property name="file.separator" value="\"/>
    <property name="basedir" value="c:\Users\Wojtek\Documents\Studia\Component Programming\laby\labs3\e3_v1"/>
    <property name="java.vm.compressedOopsMode" value="Zero based"/>
    <property name="line.separator" value="&#10;"/>
    <property name="java.vm.specification.vendor" value="Oracle Corporation"/>
    <property name="java.specification.name" value="Java Platform API Specification"/>
    <property name="surefire.real.class.path" value="C:\Users\Wojtek\AppData\Local\Temp\surefire2588722151723951911\surefirebooter-20240319143800917_3.jar"/>
    <property name="user.script" value=""/>
    <property name="sun.management.compiler" value="HotSpot 64-Bit Tiered Compilers"/>
    <property name="java.runtime.version" value="21.0.2+13-LTS-58"/>
    <property name="user.name" value="Wojtek"/>
    <property name="stdout.encoding" value="Cp1250"/>
    <property name="path.separator" value=";"/>
    <property name="os.version" value="10.0"/>
    <property name="java.runtime.name" value="Java(TM) SE Runtime Environment"/>
    <property name="file.encoding" value="UTF-8"/>
    <property name="java.vm.name" value="Java HotSpot(TM) 64-Bit Server VM"/>
    <property name="localRepository" value="C:\Users\Wojtek\.m2\repository"/>
    <property name="java.vendor.url.bug" value="https://bugreport.java.com/bugreport/"/>
    <property name="java.io.tmpdir" value="C:\Users\Wojtek\AppData\Local\Temp\"/>
    <property name="java.version" value="21.0.2"/>
    <property name="user.dir" value="c:\Users\Wojtek\Documents\Studia\Component Programming\laby\labs3\e3_v1"/>
    <property name="os.arch" value="amd64"/>
    <property name="java.vm.specification.name" value="Java Virtual Machine Specification"/>
    <property name="sun.os.patch.level" value=""/>
    <property name="native.encoding" value="Cp1250"/>
    <property name="java.library.path" value="C:\Program Files\Java\jdk-21\bin;C:\Windows\Sun\Java\bin;C:\Windows\system32;C:\Windows;C:\app\Wojtek\product\21c\dbhomeXE\bin;C:\Program Files\Common Files\Oracle\Java\javapath;C:\Windows\system32;C:\Windows;C:\Windows\System32\Wbem;C:\Windows\System32\WindowsPowerShell\v1.0\;C:\Windows\System32\OpenSSH\;C:\Program Files (x86)\NVIDIA Corporation\PhysX\Common;C:\Program Files\Azure Data Studio\bin;C:\Program Files\dotnet\;C:\Program Files (x86)\Microsoft SQL Server\160\Tools\Binn\;C:\Program Files\Microsoft SQL Server\160\Tools\Binn\;C:\Program Files\Microsoft SQL Server\Client SDK\ODBC\170\Tools\Binn\;C:\Program Files\Microsoft SQL Server\160\DTS\Binn\;C:\Program Files\NVIDIA Corporation\NVIDIA NvDLISR;C:\Program Files\PuTTY\;C:\Program Files\Git\cmd;C:\Maven\apache-maven-3.9.6-bin\apache-maven-3.9.6\bin;C:\Users\Wojtek\AppData\Roaming\.dotnet;C:\Users\Wojtek\AppData\Local\Programs\Python\Python312\Scripts\;C:\Users\Wojtek\AppData\Local\Programs\Python\Python312\;C:\Program Files\Azure Data Studio\bin;C:\Users\Wojtek\AppData\Local\Programs\Microsoft VS Code\bin;C:\Users\Wojtek\AppData\Local\GitHubDesktop\bin;C:\Program Files\JetBrains\CLion 2023.3.2\bin;;C:\msys64\mingw64\bin;;C:\Program Files\JetBrains\IntelliJ IDEA 2023.3.4\bin;;C:\Users\Wojtek\.dotnet\tools;C:\Users\Wojtek\.dotnet\tools;."/>
    <property name="java.vm.info" value="mixed mode, sharing"/>
    <property name="stderr.encoding" value="Cp1250"/>
    <property name="java.vendor" value="Oracle Corporation"/>
    <property name="java.vm.version" value="21.0.2+13-LTS-58"/>
    <property name="sun.io.unicode.encoding" value="UnicodeLittle"/>
    <property name="java.class.version" value="65.0"/>
  </properties>
  <testcase name="testFillBoardWithInitiallyCorrectBoards(int[][])[1]" classname="model.SudokuBoardTest" time="0.052"/>
  <testcase name="testFillBoardWithInitiallyCorrectBoards(int[][])[2]" classname="model.SudokuBoardTest" time="0.003"/>
  <testcase name="testFillBoardWithInitiallyCorrectBoards(int[][])[3]" classname="model.SudokuBoardTest" time="0.001"/>
  <testcase name="testFillBoardWithInitiallyCorrectBoards(int[][])[4]" classname="model.SudokuBoardTest" time="0.0"/>
  <testcase name="testFillBoardCorrectness" classname="model.SudokuBoardTest" time="0.004"/>
  <testcase name="testFillBoardWithInitiallyWrongBoards(int[][])[1]" classname="model.SudokuBoardTest" time="0.003"/>
  <testcase name="testFillBoardWithInitiallyWrongBoards(int[][])[2]" classname="model.SudokuBoardTest" time="0.002"/>
  <testcase name="testFillBoardWithInitiallyWrongBoards(int[][])[3]" classname="model.SudokuBoardTest" time="0.002"/>
  <testcase name="testFillBoardWithInitiallyWrongBoards(int[][])[4]" classname="model.SudokuBoardTest" time="0.0"/>
  <testcase name="testFillBoardSubsequentCalls" classname="model.SudokuBoardTest" time="0.006"/>
  <testcase name="testFillBoardSubsequentCalls" classname="model.SudokuBoardTest" time="0.003"/>
  <testcase name="testFillBoardSubsequentCalls" classname="model.SudokuBoardTest" time="0.002"/>
  <testcase name="testFillBoardSubsequentCalls" classname="model.SudokuBoardTest" time="0.001"/>
  <testcase name="testFillBoardSubsequentCalls" classname="model.SudokuBoardTest" time="0.0"/>
  <testcase name="testFillBoardSubsequentCalls" classname="model.SudokuBoardTest" time="0.001"/>
  <testcase name="testFillBoardSubsequentCalls" classname="model.SudokuBoardTest" time="0.001"/>
  <testcase name="testFillBoardSubsequentCalls" classname="model.SudokuBoardTest" time="0.0"/>
  <testcase name="testFillBoardSubsequentCalls" classname="model.SudokuBoardTest" time="0.0"/>
  <testcase name="testFillBoardSubsequentCalls" classname="model.SudokuBoardTest" time="0.0"/>
  <testcase name="testFillBoardSubsequentCalls" classname="model.SudokuBoardTest" time="0.0"/>
  <testcase name="testFillBoardSubsequentCalls" classname="model.SudokuBoardTest" time="0.0"/>
  <testcase name="testFillBoardSubsequentCalls" classname="model.SudokuBoardTest" time="0.0"/>
  <testcase name="testFillBoardSubsequentCalls" classname="model.SudokuBoardTest" time="0.001"/>
  <testcase name="testFillBoardSubsequentCalls" classname="model.SudokuBoardTest" time="0.0"/>
  <testcase name="testFillBoardSubsequentCalls" classname="model.SudokuBoardTest" time="0.0"/>
  <testcase name="testFillBoardSubsequentCalls" classname="model.SudokuBoardTest" time="0.0"/>
  <testcase name="testFillBoardSubsequentCalls" classname="model.SudokuBoardTest" time="0.0"/>
  <testcase name="testFillBoardSubsequentCalls" classname="model.SudokuBoardTest" time="0.0"/>
  <testcase name="testFillBoardSubsequentCalls" classname="model.SudokuBoardTest" time="0.0"/>
  <testcase name="testFillBoardSubsequentCalls" classname="model.SudokuBoardTest" time="0.0"/>
  <testcase name="testFillBoardSubsequentCalls" classname="model.SudokuBoardTest" time="0.009"/>
  <testcase name="testFillBoardSubsequentCalls" classname="model.SudokuBoardTest" time="0.002"/>
  <testcase name="testFillBoardSubsequentCalls" classname="model.SudokuBoardTest" time="0.0"/>
  <testcase name="testFillBoardSubsequentCalls" classname="model.SudokuBoardTest" time="0.0"/>
  <testcase name="testFillBoardSubsequentCalls" classname="model.SudokuBoardTest" time="0.0"/>
  <testcase name="testFillBoardSubsequentCalls" classname="model.SudokuBoardTest" time="0.0"/>
  <testcase name="testFillBoardSubsequentCalls" classname="model.SudokuBoardTest" time="0.0"/>
  <testcase name="testFillBoardSubsequentCalls" classname="model.SudokuBoardTest" time="0.0"/>
  <testcase name="testFillBoardSubsequentCalls" classname="model.SudokuBoardTest" time="0.0"/>
  <testcase name="testFillBoardSubsequentCalls" classname="model.SudokuBoardTest" time="0.0"/>
  <testcase name="testFillBoardSubsequentCalls" classname="model.SudokuBoardTest" time="0.0"/>
  <testcase name="testFillBoardSubsequentCalls" classname="model.SudokuBoardTest" time="0.001"/>
  <testcase name="testFillBoardSubsequentCalls" classname="model.SudokuBoardTest" time="0.0"/>
  <testcase name="testFillBoardSubsequentCalls" classname="model.SudokuBoardTest" time="0.0"/>
  <testcase name="testFillBoardSubsequentCalls" classname="model.SudokuBoardTest" time="0.0"/>
  <testcase name="testFillBoardSubsequentCalls" classname="model.SudokuBoardTest" time="0.006"/>
  <testcase name="testFillBoardSubsequentCalls" classname="model.SudokuBoardTest" time="0.001"/>
  <testcase name="testFillBoardSubsequentCalls" classname="model.SudokuBoardTest" time="0.002"/>
  <testcase name="testFillBoardSubsequentCalls" classname="model.SudokuBoardTest" time="0.001"/>
  <testcase name="testFillBoardSubsequentCalls" classname="model.SudokuBoardTest" time="0.001"/>
  <testcase name="testFillBoardSubsequentCalls" classname="model.SudokuBoardTest" time="0.0"/>
  <testcase name="testFillBoardSubsequentCalls" classname="model.SudokuBoardTest" time="0.0"/>
  <testcase name="testFillBoardSubsequentCalls" classname="model.SudokuBoardTest" time="0.0"/>
  <testcase name="testFillBoardSubsequentCalls" classname="model.SudokuBoardTest" time="0.0"/>
  <testcase name="testFillBoardSubsequentCalls" classname="model.SudokuBoardTest" time="0.002"/>
  <testcase name="testFillBoardSubsequentCalls" classname="model.SudokuBoardTest" time="0.0"/>
  <testcase name="testFillBoardSubsequentCalls" classname="model.SudokuBoardTest" time="0.0"/>
  <testcase name="testFillBoardSubsequentCalls" classname="model.SudokuBoardTest" time="0.0"/>
  <testcase name="testFillBoardSubsequentCalls" classname="model.SudokuBoardTest" time="0.0"/>
</testsuite>